<?xml version="1.0" encoding="UTF-8"?>
<!-- Generated by org.testng.reporters.JUnitXMLReporter -->
<testsuite hostname="OZARG008" ignored="0" name="Command line test" tests="6" failures="1" timestamp="2019-10-23T14:53:28 ART" time="80.842" errors="0">
  <testcase name="celularesSmartphonesTest" time="10.711" classname="frontendtest.MLFrontEndTest"/>
  <testcase name="climatizacionTest" time="13.402" classname="frontendtest.MLFrontEndTest"/>
  <testcase name="cuartoDelBebeTest" time="13.432" classname="frontendtest.MLFrontEndTest"/>
  <testcase name="industriaTextilTest" time="13.223" classname="frontendtest.MLFrontEndTest"/>
  <testcase name="perfumesImportadosTest" time="1.596" classname="frontendtest.MLFrontEndTest">
    <failure type="java.lang.AssertionError" message="Test Failed! Element couldn&amp;apos;t be found no such element: Unable to locate element: {&amp;quot;method&amp;quot;:&amp;quot;xpath&amp;quot;,&amp;quot;selector&amp;quot;:&amp;quot;//a[contains(.,&amp;apos;Perfumes Importados&amp;apos;)]&amp;quot;}
  (Session info: chrome=78.0.3904.70)
For documentation on this error, please visit: http://seleniumhq.org/exceptions/no_such_element.html
Build info: version: &amp;apos;3.141.5&amp;apos;, revision: &amp;apos;d54ebd709a&amp;apos;, time: &amp;apos;2018-11-06T11:42:16&amp;apos;
System info: host: &amp;apos;OZARG008&amp;apos;, ip: &amp;apos;192.168.56.1&amp;apos;, os.name: &amp;apos;Windows 10&amp;apos;, os.arch: &amp;apos;amd64&amp;apos;, os.version: &amp;apos;10.0&amp;apos;, java.version: &amp;apos;1.8.0_211&amp;apos;
Driver info: org.openqa.selenium.chrome.ChromeDriver
Capabilities {acceptInsecureCerts: false, browserName: chrome, browserVersion: 78.0.3904.70, chrome: {chromedriverVersion: 77.0.3865.40 (f484704e052e0..., userDataDir: C:\Users\CESAR~1.GIU\AppDat...}, goog:chromeOptions: {debuggerAddress: localhost:54039}, javascriptEnabled: true, networkConnectionEnabled: false, pageLoadStrategy: normal, platform: XP, platformName: XP, proxy: Proxy(), setWindowRect: true, strictFileInteractability: false, timeouts: {implicit: 0, pageLoad: 300000, script: 30000}, unhandledPromptBehavior: dismiss and notify}
Session ID: 118733a1b11da5b0b379896ae1523126
*** Element info: {Using=xpath, value=//a[contains(.,&amp;apos;Perfumes Importados&amp;apos;)]}">
      <![CDATA[java.lang.AssertionError: Test Failed! Element couldn't be found no such element: Unable to locate element: {"method":"xpath","selector":"//a[contains(.,'Perfumes Importados')]"}
  (Session info: chrome=78.0.3904.70)
For documentation on this error, please visit: http://seleniumhq.org/exceptions/no_such_element.html
Build info: version: '3.141.5', revision: 'd54ebd709a', time: '2018-11-06T11:42:16'
System info: host: 'OZARG008', ip: '192.168.56.1', os.name: 'Windows 10', os.arch: 'amd64', os.version: '10.0', java.version: '1.8.0_211'
Driver info: org.openqa.selenium.chrome.ChromeDriver
Capabilities {acceptInsecureCerts: false, browserName: chrome, browserVersion: 78.0.3904.70, chrome: {chromedriverVersion: 77.0.3865.40 (f484704e052e0..., userDataDir: C:\Users\CESAR~1.GIU\AppDat...}, goog:chromeOptions: {debuggerAddress: localhost:54039}, javascriptEnabled: true, networkConnectionEnabled: false, pageLoadStrategy: normal, platform: XP, platformName: XP, proxy: Proxy(), setWindowRect: true, strictFileInteractability: false, timeouts: {implicit: 0, pageLoad: 300000, script: 30000}, unhandledPromptBehavior: dismiss and notify}
Session ID: 118733a1b11da5b0b379896ae1523126
*** Element info: {Using=xpath, value=//a[contains(.,'Perfumes Importados')]}
at frontend.BasePage.click(BasePage.java:44)
at frontend.NavBarPage.goToPerfumesImportados(NavBarPage.java:66)
at frontendtest.MLFrontEndTest.perfumesImportadosTest(MLFrontEndTest.java:59)
at java.util.ArrayList.forEach(ArrayList.java:1257)
... Removed 37 stack frames]]>
    </failure>
  </testcase> <!-- perfumesImportadosTest -->
  <testcase name="singleItemTest" time="17.791" classname="frontendtest.MLFrontEndTest"/>
</testsuite> <!-- Command line test -->
