<?xml version="1.0" encoding="UTF-8" ?>
<testsuite tests="7" failures="1" name="TestSuite" time="74.285" errors="0" skipped="0">
  <properties>
[...]
</properties>
  <testcase classname="backendtest.MLBackendTest" name="mlProductsTest" time="3.462"/>
  <testcase classname="frontendtest.MLFrontEndTest" name="celularesSmartphonesTest" time="11.572"/>
  <testcase classname="frontendtest.MLFrontEndTest" name="climatizacionTest" time="13.26"/>
  <testcase classname="frontendtest.MLFrontEndTest" name="cuartoDelBebeTest" time="13.353"/>
  <testcase classname="frontendtest.MLFrontEndTest" name="industriaTextilTest" time="13.29"/>
  <testcase classname="frontendtest.MLFrontEndTest" name="perfumesImportadosTest" time="1.564">
    <failure message="Test Failed! Element couldn&apos;t be found no such element: Unable to locate element: {&quot;method&quot;:&quot;xpath&quot;,&quot;selector&quot;:&quot;//a[contains(.,&apos;Perfumes Importados&apos;)]&quot;}
  (Session info: chrome=78.0.3904.70)
For documentation on this error, please visit: http://seleniumhq.org/exceptions/no_such_element.html
Build info: version: &apos;3.141.5&apos;, revision: &apos;d54ebd709a&apos;, time: &apos;2018-11-06T11:42:16&apos;
System info: host: &apos;OZARG008&apos;, ip: &apos;192.168.56.1&apos;, os.name: &apos;Windows 10&apos;, os.arch: &apos;amd64&apos;, os.version: &apos;10.0&apos;, java.version: &apos;1.8.0_211&apos;
Driver info: org.openqa.selenium.chrome.ChromeDriver
Capabilities {acceptInsecureCerts: false, browserName: chrome, browserVersion: 78.0.3904.70, chrome: {chromedriverVersion: 77.0.3865.40 (f484704e052e0..., userDataDir: C:\Users\CESAR~1.GIU\AppDat...}, goog:chromeOptions: {debuggerAddress: localhost:53438}, javascriptEnabled: true, networkConnectionEnabled: false, pageLoadStrategy: normal, platform: XP, platformName: XP, proxy: Proxy(), setWindowRect: true, strictFileInteractability: false, timeouts: {implicit: 0, pageLoad: 300000, script: 30000}, unhandledPromptBehavior: dismiss and notify}
Session ID: b95cd62e7af7ce25fe3d3e9f9467b4ad
*** Element info: {Using=xpath, value=//a[contains(.,&apos;Perfumes Importados&apos;)]}" type="java.lang.AssertionError">java.lang.AssertionError: Test Failed! Element couldn&apos;t be found no such element: Unable to locate element: {&quot;method&quot;:&quot;xpath&quot;,&quot;selector&quot;:&quot;//a[contains(.,&apos;Perfumes Importados&apos;)]&quot;}
  (Session info: chrome=78.0.3904.70)
For documentation on this error, please visit: http://seleniumhq.org/exceptions/no_such_element.html
Build info: version: &apos;3.141.5&apos;, revision: &apos;d54ebd709a&apos;, time: &apos;2018-11-06T11:42:16&apos;
System info: host: &apos;OZARG008&apos;, ip: &apos;192.168.56.1&apos;, os.name: &apos;Windows 10&apos;, os.arch: &apos;amd64&apos;, os.version: &apos;10.0&apos;, java.version: &apos;1.8.0_211&apos;
Driver info: org.openqa.selenium.chrome.ChromeDriver
Capabilities {acceptInsecureCerts: false, browserName: chrome, browserVersion: 78.0.3904.70, chrome: {chromedriverVersion: 77.0.3865.40 (f484704e052e0..., userDataDir: C:\Users\CESAR~1.GIU\AppDat...}, goog:chromeOptions: {debuggerAddress: localhost:53438}, javascriptEnabled: true, networkConnectionEnabled: false, pageLoadStrategy: normal, platform: XP, platformName: XP, proxy: Proxy(), setWindowRect: true, strictFileInteractability: false, timeouts: {implicit: 0, pageLoad: 300000, script: 30000}, unhandledPromptBehavior: dismiss and notify}
Session ID: b95cd62e7af7ce25fe3d3e9f9467b4ad
*** Element info: {Using=xpath, value=//a[contains(.,&apos;Perfumes Importados&apos;)]}
	at org.testng.Assert.fail(Assert.java:97)
	at frontend.BasePage.click(BasePage.java:44)
	at frontend.NavBarPage.goToPerfumesImportados(NavBarPage.java:66)
	at frontendtest.MLFrontEndTest.perfumesImportadosTest(MLFrontEndTest.java:59)
</failure>
    <system-out>Hovered over Categorías
Hovered over Belleza y Cuidado Personal
</system-out>
  </testcase>
  <testcase classname="frontendtest.MLFrontEndTest" name="singleItemTest" time="17.784"/>
</testsuite>