<?xml version="1.0" encoding="UTF-8"?>
<testng-results skipped="0" failed="1" ignored="0" total="6" passed="5">
  <reporter-output>
  </reporter-output>
  <suite name="frontendtest.MLFrontEndTest" duration-ms="80842" started-at="2019-10-23T14:52:07 ART" finished-at="2019-10-23T14:53:28 ART">
    <groups>
    </groups>
    <test name="Command line test" duration-ms="80842" started-at="2019-10-23T14:52:07 ART" finished-at="2019-10-23T14:53:28 ART">
      <class name="frontendtest.MLFrontEndTest">
        <test-method status="PASS" signature="setupTest()[pri:0, instance:frontendtest.MLFrontEndTest@7d907bac]" name="setupTest" is-config="true" duration-ms="9987" started-at="2019-10-23T14:52:07 ART" finished-at="2019-10-23T14:52:17 ART">
          <reporter-output>
          </reporter-output>
        </test-method> <!-- setupTest -->
        <test-method status="PASS" signature="celularesSmartphonesTest()[pri:0, instance:frontendtest.MLFrontEndTest@7d907bac]" name="celularesSmartphonesTest" duration-ms="10711" started-at="2019-10-23T14:52:17 ART" finished-at="2019-10-23T14:52:28 ART">
          <reporter-output>
          </reporter-output>
        </test-method> <!-- celularesSmartphonesTest -->
        <test-method status="PASS" signature="climatizacionTest()[pri:0, instance:frontendtest.MLFrontEndTest@7d907bac]" name="climatizacionTest" duration-ms="13402" started-at="2019-10-23T14:52:28 ART" finished-at="2019-10-23T14:52:41 ART">
          <reporter-output>
          </reporter-output>
        </test-method> <!-- climatizacionTest -->
        <test-method status="PASS" signature="cuartoDelBebeTest()[pri:0, instance:frontendtest.MLFrontEndTest@7d907bac]" name="cuartoDelBebeTest" duration-ms="13432" started-at="2019-10-23T14:52:41 ART" finished-at="2019-10-23T14:52:55 ART">
          <reporter-output>
          </reporter-output>
        </test-method> <!-- cuartoDelBebeTest -->
        <test-method status="PASS" signature="industriaTextilTest()[pri:0, instance:frontendtest.MLFrontEndTest@7d907bac]" name="industriaTextilTest" duration-ms="13223" started-at="2019-10-23T14:52:55 ART" finished-at="2019-10-23T14:53:08 ART">
          <reporter-output>
          </reporter-output>
        </test-method> <!-- industriaTextilTest -->
        <test-method status="FAIL" signature="perfumesImportadosTest()[pri:0, instance:frontendtest.MLFrontEndTest@7d907bac]" name="perfumesImportadosTest" duration-ms="1596" started-at="2019-10-23T14:53:08 ART" finished-at="2019-10-23T14:53:10 ART">
          <exception class="java.lang.AssertionError">
            <message>
              <![CDATA[Test Failed! Element couldn't be found no such element: Unable to locate element: {"method":"xpath","selector":"//a[contains(.,'Perfumes Importados')]"}
  (Session info: chrome=78.0.3904.70)
For documentation on this error, please visit: http://seleniumhq.org/exceptions/no_such_element.html
Build info: version: '3.141.5', revision: 'd54ebd709a', time: '2018-11-06T11:42:16'
System info: host: 'OZARG008', ip: '192.168.56.1', os.name: 'Windows 10', os.arch: 'amd64', os.version: '10.0', java.version: '1.8.0_211'
Driver info: org.openqa.selenium.chrome.ChromeDriver
Capabilities {acceptInsecureCerts: false, browserName: chrome, browserVersion: 78.0.3904.70, chrome: {chromedriverVersion: 77.0.3865.40 (f484704e052e0..., userDataDir: C:\Users\CESAR~1.GIU\AppDat...}, goog:chromeOptions: {debuggerAddress: localhost:54039}, javascriptEnabled: true, networkConnectionEnabled: false, pageLoadStrategy: normal, platform: XP, platformName: XP, proxy: Proxy(), setWindowRect: true, strictFileInteractability: false, timeouts: {implicit: 0, pageLoad: 300000, script: 30000}, unhandledPromptBehavior: dismiss and notify}
Session ID: 118733a1b11da5b0b379896ae1523126
*** Element info: {Using=xpath, value=//a[contains(.,'Perfumes Importados')]}]]>
            </message>
            <full-stacktrace>
              <![CDATA[java.lang.AssertionError: Test Failed! Element couldn't be found no such element: Unable to locate element: {"method":"xpath","selector":"//a[contains(.,'Perfumes Importados')]"}
  (Session info: chrome=78.0.3904.70)
For documentation on this error, please visit: http://seleniumhq.org/exceptions/no_such_element.html
Build info: version: '3.141.5', revision: 'd54ebd709a', time: '2018-11-06T11:42:16'
System info: host: 'OZARG008', ip: '192.168.56.1', os.name: 'Windows 10', os.arch: 'amd64', os.version: '10.0', java.version: '1.8.0_211'
Driver info: org.openqa.selenium.chrome.ChromeDriver
Capabilities {acceptInsecureCerts: false, browserName: chrome, browserVersion: 78.0.3904.70, chrome: {chromedriverVersion: 77.0.3865.40 (f484704e052e0..., userDataDir: C:\Users\CESAR~1.GIU\AppDat...}, goog:chromeOptions: {debuggerAddress: localhost:54039}, javascriptEnabled: true, networkConnectionEnabled: false, pageLoadStrategy: normal, platform: XP, platformName: XP, proxy: Proxy(), setWindowRect: true, strictFileInteractability: false, timeouts: {implicit: 0, pageLoad: 300000, script: 30000}, unhandledPromptBehavior: dismiss and notify}
Session ID: 118733a1b11da5b0b379896ae1523126
*** Element info: {Using=xpath, value=//a[contains(.,'Perfumes Importados')]}
at org.testng.Assert.fail(Assert.java:97)
at frontend.BasePage.click(BasePage.java:44)
at frontend.NavBarPage.goToPerfumesImportados(NavBarPage.java:66)
at frontendtest.MLFrontEndTest.perfumesImportadosTest(MLFrontEndTest.java:59)
at sun.reflect.NativeMethodAccessorImpl.invoke0(Native Method)
at sun.reflect.NativeMethodAccessorImpl.invoke(NativeMethodAccessorImpl.java:62)
at sun.reflect.DelegatingMethodAccessorImpl.invoke(DelegatingMethodAccessorImpl.java:43)
at java.lang.reflect.Method.invoke(Method.java:498)
at org.testng.internal.MethodInvocationHelper.invokeMethod(MethodInvocationHelper.java:133)
at org.testng.internal.TestInvoker.invokeMethod(TestInvoker.java:584)
at org.testng.internal.TestInvoker.invokeTestMethod(TestInvoker.java:172)
at org.testng.internal.MethodRunner.runInSequence(MethodRunner.java:46)
at org.testng.internal.TestInvoker$MethodInvocationAgent.invoke(TestInvoker.java:804)
at org.testng.internal.TestInvoker.invokeTestMethods(TestInvoker.java:145)
at org.testng.internal.TestMethodWorker.invokeTestMethods(TestMethodWorker.java:146)
at org.testng.internal.TestMethodWorker.run(TestMethodWorker.java:128)
at java.util.ArrayList.forEach(ArrayList.java:1257)
at org.testng.TestRunner.privateRun(TestRunner.java:770)
at org.testng.TestRunner.run(TestRunner.java:591)
at org.testng.SuiteRunner.runTest(SuiteRunner.java:402)
at org.testng.SuiteRunner.runSequentially(SuiteRunner.java:396)
at org.testng.SuiteRunner.privateRun(SuiteRunner.java:355)
at org.testng.SuiteRunner.run(SuiteRunner.java:304)
at org.testng.SuiteRunnerWorker.runSuite(SuiteRunnerWorker.java:53)
at org.testng.SuiteRunnerWorker.run(SuiteRunnerWorker.java:96)
at org.testng.TestNG.runSuitesSequentially(TestNG.java:1180)
at org.testng.TestNG.runSuitesLocally(TestNG.java:1102)
at org.testng.TestNG.runSuites(TestNG.java:1032)
at org.testng.TestNG.run(TestNG.java:1000)
at org.apache.maven.surefire.testng.TestNGExecutor.run(TestNGExecutor.java:77)
at org.apache.maven.surefire.testng.TestNGDirectoryTestSuite.execute(TestNGDirectoryTestSuite.java:110)
at org.apache.maven.surefire.testng.TestNGProvider.invoke(TestNGProvider.java:106)
at sun.reflect.NativeMethodAccessorImpl.invoke0(Native Method)
at sun.reflect.NativeMethodAccessorImpl.invoke(NativeMethodAccessorImpl.java:62)
at sun.reflect.DelegatingMethodAccessorImpl.invoke(DelegatingMethodAccessorImpl.java:43)
at java.lang.reflect.Method.invoke(Method.java:498)
at org.apache.maven.surefire.util.ReflectionUtils.invokeMethodWithArray(ReflectionUtils.java:189)
at org.apache.maven.surefire.booter.ProviderFactory$ProviderProxy.invoke(ProviderFactory.java:165)
at org.apache.maven.surefire.booter.ProviderFactory.invokeProvider(ProviderFactory.java:85)
at org.apache.maven.surefire.booter.ForkedBooter.runSuitesInProcess(ForkedBooter.java:115)
at org.apache.maven.surefire.booter.ForkedBooter.main(ForkedBooter.java:75)
]]>
            </full-stacktrace>
          </exception> <!-- java.lang.AssertionError -->
          <reporter-output>
          </reporter-output>
        </test-method> <!-- perfumesImportadosTest -->
        <test-method status="PASS" signature="singleItemTest()[pri:0, instance:frontendtest.MLFrontEndTest@7d907bac]" name="singleItemTest" duration-ms="17791" started-at="2019-10-23T14:53:10 ART" finished-at="2019-10-23T14:53:27 ART">
          <reporter-output>
          </reporter-output>
        </test-method> <!-- singleItemTest -->
        <test-method status="PASS" signature="teardownTest()[pri:0, instance:frontendtest.MLFrontEndTest@7d907bac]" name="teardownTest" is-config="true" duration-ms="663" started-at="2019-10-23T14:53:27 ART" finished-at="2019-10-23T14:53:28 ART">
          <reporter-output>
          </reporter-output>
        </test-method> <!-- teardownTest -->
      </class> <!-- frontendtest.MLFrontEndTest -->
    </test> <!-- Command line test -->
  </suite> <!-- frontendtest.MLFrontEndTest -->
</testng-results>
